#
# A fatal error has been detected by the Java Runtime Environment:
#
#  SIGSEGV (0xb) at pc=0x00007f208c0002e8, pid=30532, tid=0x00007f20b01f1700
#
# JRE version: OpenJDK Runtime Environment (8.0_102-b14) (build 1.8.0_102-8u102-b14.1-2-b14)
# Java VM: OpenJDK 64-Bit Server VM (25.102-b14 mixed mode linux-amd64 compressed oops)
# Problematic frame:
# C  0x00007f208c0002e8
#
# Failed to write core dump. Core dumps have been disabled. To enable core dumping, try "ulimit -c unlimited" before starting Java again
#
# If you would like to submit a bug report, please visit:
#   http://bugreport.java.com/bugreport/crash.jsp
#

---------------  T H R E A D  ---------------

Current thread (0x00007f20c00c8800):  JavaThread "JDWP Transport Listener: dt_socket" daemon [_thread_in_vm, id=30550, stack(0x00007f20b00f1000,0x00007f20b01f2000)]

siginfo: si_signo: 11 (SIGSEGV), si_code: 2 (SEGV_ACCERR), si_addr: 0x00007f208c0002e8

Registers:
RAX=0x00007f208c0002e8, RBX=0x00007f208c0002f8, RCX=0x00007f20c99ee2c0, RDX=0x00007f20c8341a60
RSP=0x00007f20b01f09c8, RBP=0x00007f20b01f09e0, RSI=0x00007f20c00c8800, RDI=0x00007f208c0002f8
R8 =0x0000000000000000, R9 =0x0000000000000001, R10=0x0000000000000000, R11=0x0000000000000001
R12=0x00007f208c000308, R13=0x00007f20b01f0acf, R14=0x00007f20b01f0a00, R15=0x00007f20c00c8800
RIP=0x00007f208c0002e8, EFLAGS=0x0000000000010287, CSGSFS=0x002b000000000033, ERR=0x0000000000000015
  TRAPNO=0x000000000000000e

Top of Stack: (sp=0x00007f20b01f09c8)
0x00007f20b01f09c8:   00007f20c87139a8 00007f208c000308
0x00007f20b01f09d8:   00007f20c0009810 00007f20b01f0a60
0x00007f20b01f09e8:   00007f20c858bd1a 00000000e3553d68
0x00007f20b01f09f8:   00007f20b01f0ad0 00007f20c00c8800
0x00007f20b01f0a08:   0000000000000000 00007f2000000000
0x00007f20b01f0a18:   0000000000000000 00000000c00c89e0
0x00007f20b01f0a28:   2ac5b0105d180e00 00007f20c00c8800
0x00007f20b01f0a38:   00007f20b01f0acf 00007f20c6fe4f00
0x00007f20b01f0a48:   00007f208c000308 00007f208c000308
0x00007f20b01f0a58:   00007f20b01f0acf 00007f20b01f0a90
0x00007f20b01f0a68:   00007f20c6dd10d9 00007f20b01f0a90
0x00007f20b01f0a78:   0000000000000000 0000000000000000
0x00007f20b01f0a88:   00007f20b01f0bb0 00007f20b01f0b30
0x00007f20b01f0a98:   00007f20c6db03f0 00007f20b01f0ae8
0x00007f20b01f0aa8:   00007f20b01f0af0 000000018c06f0b0
0x00007f20b01f0ab8:   00007f20b01f0ad4 00007f20b01f0af0
0x00007f20b01f0ac8:   00007f20c6db5cf9 00007f200000000c
0x00007f20b01f0ad8:   00007f208c013330 0000000000000000
0x00007f20b01f0ae8:   0000000000000000 0000000000000000
0x00007f20b01f0af8:   2ac5b0105d180e00 000000000000000f
0x00007f20b01f0b08:   0000000000000002 000000000000000f
0x00007f20b01f0b18:   00007f20b01f0b80 0000000000000000
0x00007f20b01f0b28:   00007f20c6fe4f00 00007f20b01f0d70
0x00007f20b01f0b38:   00007f20c6dbb2ac 00007f20b01f0b70
0x00007f20b01f0b48:   00007f20c6fe4f00 00007f20840008c0
0x00007f20b01f0b58:   00007f20b01f0bb0 0000361300000013
0x00007f20b01f0b68:   00007f20c80f0200 00007f2084000ba0
0x00007f20b01f0b78:   00007f20c6dca082 00007f2084000ba8
0x00007f20b01f0b88:   000000000000000b 0000361300000013
0x00007f20b01f0b98:   00007f20c80f0200 00007f2084000ba0
0x00007f20b01f0ba8:   00007f208c075e00 00007f20b01f0c04
0x00007f20b01f0bb8:   00007f2000000128 00007f20b01f0bc8 

Instructions: (pc=0x00007f208c0002e8)
0x00007f208c0002c8:   b8 02 00 8c 20 7f 00 00 b8 02 00 8c 20 7f 00 00
0x00007f208c0002d8:   c8 02 00 8c 20 7f 00 00 c8 02 00 8c 20 7f 00 00
0x00007f208c0002e8:   d8 02 00 8c 20 7f 00 00 d8 02 00 8c 20 7f 00 00
0x00007f208c0002f8:   e8 02 00 8c 20 7f 00 00 e8 02 00 8c 20 7f 00 00 

Register to memory mapping:

RAX=0x00007f208c0002e8 is an unknown value
RBX=0x00007f208c0002f8 is an unknown value
RCX=0x00007f20c99ee2c0: <offset 0x2182c0> in /lib/x86_64-linux-gnu/libpthread.so.0 at 0x00007f20c97d6000
RDX=0x00007f20c8341a60: <offset 0x478a60> in /usr/lib/jvm/java-8-openjdk-amd64/jre/lib/amd64/server/libjvm.so at 0x00007f20c7ec9000
RSP=0x00007f20b01f09c8 is pointing into the stack for thread: 0x00007f20c00c8800
RBP=0x00007f20b01f09e0 is pointing into the stack for thread: 0x00007f20c00c8800
RSI=0x00007f20c00c8800 is a thread
RDI=0x00007f208c0002f8 is an unknown value
R8 =0x0000000000000000 is an unknown value
R9 =0x0000000000000001 is an unknown value
R10=0x0000000000000000 is an unknown value
R11=0x0000000000000001 is an unknown value
R12=0x00007f208c000308 is an unknown value
R13=0x00007f20b01f0acf is pointing into the stack for thread: 0x00007f20c00c8800
R14=0x00007f20b01f0a00 is pointing into the stack for thread: 0x00007f20c00c8800
R15=0x00007f20c00c8800 is a thread


Stack: [0x00007f20b00f1000,0x00007f20b01f2000],  sp=0x00007f20b01f09c8,  free space=1022k
Native frames: (J=compiled Java code, j=interpreted, Vv=VM code, C=native code)
C  0x00007f208c0002e8
V  [libjvm.so+0x6c2d1a]
C  [libjdwp.so+0x280d9]
C  [libjdwp.so+0x73f0]
C  [libjdwp.so+0x122ac]
C  [libjdwp.so+0x24cf5]
V  [libjvm.so+0x733ea0]
V  [libjvm.so+0xa0f0de]
V  [libjvm.so+0xa0f5be]
V  [libjvm.so+0x8b6c42]
C  [libpthread.so.0+0x7444]  start_thread+0xc4


---------------  P R O C E S S  ---------------

Java Threads: ( => current thread )
  0x00007f20c04c9800 JavaThread "ReaderThread" [_thread_in_native, id=30562, stack(0x00007f209c21b000,0x00007f209c31c000)]
  0x00007f20c00e0800 JavaThread "Service Thread" daemon [_thread_blocked, id=30559, stack(0x00007f209caa5000,0x00007f209cba6000)]
  0x00007f20c00d3000 JavaThread "C1 CompilerThread2" daemon [_thread_blocked, id=30558, stack(0x00007f209cba6000,0x00007f209cca7000)]
  0x00007f20c00d1000 JavaThread "C2 CompilerThread1" daemon [_thread_blocked, id=30557, stack(0x00007f209cca7000,0x00007f209cda8000)]
  0x00007f20c00ce000 JavaThread "C2 CompilerThread0" daemon [_thread_blocked, id=30556, stack(0x00007f209cda8000,0x00007f209cea9000)]
  0x00007f208c001000 JavaThread "JDWP Command Reader" daemon [_thread_in_native, id=30554, stack(0x00007f209cea9000,0x00007f209cfaa000)]
  0x00007f20c00cc000 JavaThread "JDWP Event Helper Thread" daemon [_thread_blocked, id=30552, stack(0x00007f209cfaa000,0x00007f209d0ab000)]
=>0x00007f20c00c8800 JavaThread "JDWP Transport Listener: dt_socket" daemon [_thread_in_vm, id=30550, stack(0x00007f20b00f1000,0x00007f20b01f2000)]
  0x00007f20c00b6000 JavaThread "Signal Dispatcher" daemon [_thread_blocked, id=30547, stack(0x00007f20b01f2000,0x00007f20b02f3000)]
  0x00007f20c0090000 JavaThread "Finalizer" daemon [_thread_blocked, id=30546, stack(0x00007f20b02f3000,0x00007f20b03f4000)]
  0x00007f20c008b000 JavaThread "Reference Handler" daemon [_thread_blocked, id=30545, stack(0x00007f20b03f4000,0x00007f20b04f5000)]
  0x00007f20c0016000 JavaThread "main" [_thread_blocked, id=30539, stack(0x00007f20c9af1000,0x00007f20c9bf2000)]

Other Threads:
  0x00007f20c0083800 VMThread [stack: 0x00007f20b04f5000,0x00007f20b05f6000] [id=30544]
  0x00007f20c00e3000 WatcherThread [stack: 0x00007f209c9a4000,0x00007f209caa5000] [id=30560]

VM state:not at safepoint (normal execution)

VM Mutex/Monitor currently owned by a thread: None

Heap:
 PSYoungGen      total 27648K, used 10518K [0x00000000e1d00000, 0x00000000e5300000, 0x0000000100000000)
  eden space 24064K, 28% used [0x00000000e1d00000,0x00000000e23cb0b8,0x00000000e3480000)
  from space 3584K, 99% used [0x00000000e3480000,0x00000000e37fa938,0x00000000e3800000)
  to   space 3584K, 0% used [0x00000000e4f80000,0x00000000e4f80000,0x00000000e5300000)
 ParOldGen       total 62976K, used 585K [0x00000000a5600000, 0x00000000a9380000, 0x00000000e1d00000)
  object space 62976K, 0% used [0x00000000a5600000,0x00000000a5692788,0x00000000a9380000)
 Metaspace       used 12055K, capacity 12306K, committed 12672K, reserved 1060864K
  class space    used 1471K, capacity 1545K, committed 1664K, reserved 1048576K

Card table byte_map: [0x00007f20c5998000,0x00007f20c5c6e000] byte_map_base: 0x00007f20c546d000

Marking Bits: (ParMarkBitMap*) 0x00007f20c8dea1c0
 Begin Bits: [0x00007f209d2b0000, 0x00007f209e958000)
 End Bits:   [0x00007f209e958000, 0x00007f20a0000000)

Polling page: 0x00007f20c9c13000

CodeCache: size=245760Kb used=3828Kb max_used=3828Kb free=241931Kb
 bounds [0x00007f20b1000000, 0x00007f20b13c0000, 0x00007f20c0000000]
 total_blobs=1336 nmethods=1026 adapters=232
 compilation: enabled

Compilation events (10 events):
Event: 1,264 Thread 0x00007f20c00d3000 1019       3       org.springframework.core.annotation.AnnotatedElementUtils::findMergedAnnotationAttributes (31 bytes)
Event: 1,264 Thread 0x00007f20c00d3000 nmethod 1019 0x00007f20b13bc350 code [0x00007f20b13bc500, 0x00007f20b13bc948]
Event: 1,264 Thread 0x00007f20c00d3000 1022       3       java.util.concurrent.locks.ReentrantLock::<init> (16 bytes)
Event: 1,264 Thread 0x00007f20c00d3000 nmethod 1022 0x00007f20b13bcb50 code [0x00007f20b13bcce0, 0x00007f20b13bd0d0]
Event: 35,918 Thread 0x00007f20c00d3000 1023       3       java.lang.invoke.MemberName::initResolved (53 bytes)
Event: 35,918 Thread 0x00007f20c00d3000 nmethod 1023 0x00007f20b13bd490 code [0x00007f20b13bd600, 0x00007f20b13bd7d0]
Event: 35,918 Thread 0x00007f20c00d3000 1025       3       jdk.internal.org.objectweb.asm.ClassWriter::newClass (9 bytes)
Event: 35,919 Thread 0x00007f20c00d3000 nmethod 1025 0x00007f20b13bd850 code [0x00007f20b13bd9c0, 0x00007f20b13bdb88]
Event: 35,919 Thread 0x00007f20c00d3000 1026       3       java.lang.invoke.MethodType::parameterCount (6 bytes)
Event: 35,919 Thread 0x00007f20c00d3000 nmethod 1026 0x00007f20b13bdc50 code [0x00007f20b13bddc0, 0x00007f20b13bdf10]

GC Heap History (6 events):
Event: 0,567 GC heap before
{Heap before GC invocations=1 (full 0):
 PSYoungGen      total 27648K, used 24064K [0x00000000e1d00000, 0x00000000e3b80000, 0x0000000100000000)
  eden space 24064K, 100% used [0x00000000e1d00000,0x00000000e3480000,0x00000000e3480000)
  from space 3584K, 0% used [0x00000000e3800000,0x00000000e3800000,0x00000000e3b80000)
  to   space 3584K, 0% used [0x00000000e3480000,0x00000000e3480000,0x00000000e3800000)
 ParOldGen       total 62976K, used 0K [0x00000000a5600000, 0x00000000a9380000, 0x00000000e1d00000)
  object space 62976K, 0% used [0x00000000a5600000,0x00000000a5600000,0x00000000a9380000)
 Metaspace       used 6621K, capacity 6800K, committed 7040K, reserved 1056768K
  class space    used 772K, capacity 820K, committed 896K, reserved 1048576K
Event: 0,572 GC heap after
Heap after GC invocations=1 (full 0):
 PSYoungGen      total 27648K, used 3336K [0x00000000e1d00000, 0x00000000e3b80000, 0x0000000100000000)
  eden space 24064K, 0% used [0x00000000e1d00000,0x00000000e1d00000,0x00000000e3480000)
  from space 3584K, 93% used [0x00000000e3480000,0x00000000e37c2220,0x00000000e3800000)
  to   space 3584K, 0% used [0x00000000e3800000,0x00000000e3800000,0x00000000e3b80000)
 ParOldGen       total 62976K, used 8K [0x00000000a5600000, 0x00000000a9380000, 0x00000000e1d00000)
  object space 62976K, 0% used [0x00000000a5600000,0x00000000a5602000,0x00000000a9380000)
 Metaspace       used 6621K, capacity 6800K, committed 7040K, reserved 1056768K
  class space    used 772K, capacity 820K, committed 896K, reserved 1048576K
}
Event: 0,813 GC heap before
{Heap before GC invocations=2 (full 0):
 PSYoungGen      total 27648K, used 27400K [0x00000000e1d00000, 0x00000000e3b80000, 0x0000000100000000)
  eden space 24064K, 100% used [0x00000000e1d00000,0x00000000e3480000,0x00000000e3480000)
  from space 3584K, 93% used [0x00000000e3480000,0x00000000e37c2220,0x00000000e3800000)
  to   space 3584K, 0% used [0x00000000e3800000,0x00000000e3800000,0x00000000e3b80000)
 ParOldGen       total 62976K, used 8K [0x00000000a5600000, 0x00000000a9380000, 0x00000000e1d00000)
  object space 62976K, 0% used [0x00000000a5600000,0x00000000a5602000,0x00000000a9380000)
 Metaspace       used 8928K, capacity 9046K, committed 9344K, reserved 1056768K
  class space    used 1059K, capacity 1077K, committed 1152K, reserved 1048576K
Event: 0,818 GC heap after
Heap after GC invocations=2 (full 0):
 PSYoungGen      total 27648K, used 3557K [0x00000000e1d00000, 0x00000000e5300000, 0x0000000100000000)
  eden space 24064K, 0% used [0x00000000e1d00000,0x00000000e1d00000,0x00000000e3480000)
  from space 3584K, 99% used [0x00000000e3800000,0x00000000e3b79660,0x00000000e3b80000)
  to   space 3584K, 0% used [0x00000000e3480000,0x00000000e3480000,0x00000000e3800000)
 ParOldGen       total 62976K, used 373K [0x00000000a5600000, 0x00000000a9380000, 0x00000000e1d00000)
  object space 62976K, 0% used [0x00000000a5600000,0x00000000a565d6c0,0x00000000a9380000)
 Metaspace       used 8928K, capacity 9046K, committed 9344K, reserved 1056768K
  class space    used 1059K, capacity 1077K, committed 1152K, reserved 1048576K
}
Event: 1,118 GC heap before
{Heap before GC invocations=3 (full 0):
 PSYoungGen      total 27648K, used 27621K [0x00000000e1d00000, 0x00000000e5300000, 0x0000000100000000)
  eden space 24064K, 100% used [0x00000000e1d00000,0x00000000e3480000,0x00000000e3480000)
  from space 3584K, 99% used [0x00000000e3800000,0x00000000e3b79660,0x00000000e3b80000)
  to   space 3584K, 0% used [0x00000000e3480000,0x00000000e3480000,0x00000000e3800000)
 ParOldGen       total 62976K, used 373K [0x00000000a5600000, 0x00000000a9380000, 0x00000000e1d00000)
  object space 62976K, 0% used [0x00000000a5600000,0x00000000a565d6c0,0x00000000a9380000)
 Metaspace       used 10747K, capacity 10850K, committed 11136K, reserved 1058816K
  class space    used 1298K, capacity 1335K, committed 1408K, reserved 1048576K
Event: 1,123 GC heap after
Heap after GC invocations=3 (full 0):
 PSYoungGen      total 27648K, used 3562K [0x00000000e1d00000, 0x00000000e5300000, 0x0000000100000000)
  eden space 24064K, 0% used [0x00000000e1d00000,0x00000000e1d00000,0x00000000e3480000)
  from space 3584K, 99% used [0x00000000e3480000,0x00000000e37fa938,0x00000000e3800000)
  to   space 3584K, 0% used [0x00000000e4f80000,0x00000000e4f80000,0x00000000e5300000)
 ParOldGen       total 62976K, used 585K [0x00000000a5600000, 0x00000000a9380000, 0x00000000e1d00000)
  object space 62976K, 0% used [0x00000000a5600000,0x00000000a5692788,0x00000000a9380000)
 Metaspace       used 10747K, capacity 10850K, committed 11136K, reserved 1058816K
  class space    used 1298K, capacity 1335K, committed 1408K, reserved 1048576K
}

Deoptimization events (10 events):
Event: 0,903 Thread 0x00007f20c0016000 Uncommon trap: reason=range_check action=none pc=0x00007f20b12c5de4 method=sun.reflect.generics.parser.SignatureParser.current()C @ 34
Event: 0,903 Thread 0x00007f20c0016000 Uncommon trap: reason=range_check action=none pc=0x00007f20b12c5de4 method=sun.reflect.generics.parser.SignatureParser.current()C @ 34
Event: 0,903 Thread 0x00007f20c0016000 Uncommon trap: reason=range_check action=none pc=0x00007f20b12c5de4 method=sun.reflect.generics.parser.SignatureParser.current()C @ 34
Event: 0,903 Thread 0x00007f20c0016000 Uncommon trap: reason=range_check action=none pc=0x00007f20b12c5de4 method=sun.reflect.generics.parser.SignatureParser.current()C @ 34
Event: 0,903 Thread 0x00007f20c0016000 Uncommon trap: reason=range_check action=none pc=0x00007f20b12c5de4 method=sun.reflect.generics.parser.SignatureParser.current()C @ 34
Event: 0,903 Thread 0x00007f20c0016000 Uncommon trap: reason=range_check action=none pc=0x00007f20b12c5de4 method=sun.reflect.generics.parser.SignatureParser.current()C @ 34
Event: 0,946 Thread 0x00007f20c0016000 Uncommon trap: reason=range_check action=none pc=0x00007f20b12c5de4 method=sun.reflect.generics.parser.SignatureParser.current()C @ 34
Event: 0,946 Thread 0x00007f20c0016000 Uncommon trap: reason=range_check action=none pc=0x00007f20b12c5de4 method=sun.reflect.generics.parser.SignatureParser.current()C @ 34
Event: 0,948 Thread 0x00007f20c0016000 Uncommon trap: reason=range_check action=none pc=0x00007f20b12c5de4 method=sun.reflect.generics.parser.SignatureParser.current()C @ 34
Event: 1,232 Thread 0x00007f20c0016000 Uncommon trap: reason=predicate action=maybe_recompile pc=0x00007f20b133fd8c method=java.lang.String.regionMatches(ZILjava/lang/String;II)Z @ 63

Internal exceptions (10 events):
Event: 0,946 Thread 0x00007f20c0016000 Exception <a 'java/lang/ClassNotFoundException': org/springframework/context/event/DefaultEventListenerFactoryCustomizer> (0x00000000e2a58860) thrown at [/build/openjdk-8-81aL4x/openjdk-8-8u102-b14.1/src/hotspot/src/share/vm/classfile/systemDictionary.cpp
Event: 0,946 Thread 0x00007f20c0016000 Exception <a 'java/lang/ArrayIndexOutOfBoundsException': 118> (0x00000000e2a5bc68) thrown at [/build/openjdk-8-81aL4x/openjdk-8-8u102-b14.1/src/hotspot/src/share/vm/interpreter/interpreterRuntime.cpp, line 366]
Event: 0,946 Thread 0x00007f20c0016000 Exception <a 'java/lang/ArrayIndexOutOfBoundsException': 93> (0x00000000e2a5d898) thrown at [/build/openjdk-8-81aL4x/openjdk-8-8u102-b14.1/src/hotspot/src/share/vm/interpreter/interpreterRuntime.cpp, line 366]
Event: 0,948 Thread 0x00007f20c0016000 Exception <a 'java/lang/ClassNotFoundException': org/springframework/context/event/EventListenerFactoryCustomizer> (0x00000000e2a80aa8) thrown at [/build/openjdk-8-81aL4x/openjdk-8-8u102-b14.1/src/hotspot/src/share/vm/classfile/systemDictionary.cpp, line 
Event: 0,948 Thread 0x00007f20c0016000 Exception <a 'java/lang/ArrayIndexOutOfBoundsException': 118> (0x00000000e2a82e00) thrown at [/build/openjdk-8-81aL4x/openjdk-8-8u102-b14.1/src/hotspot/src/share/vm/interpreter/interpreterRuntime.cpp, line 366]
Event: 0,949 Thread 0x00007f20c0016000 Exception <a 'java/lang/ClassNotFoundException': org/springframework/core/OrderedCustomizer> (0x00000000e2a9a9f8) thrown at [/build/openjdk-8-81aL4x/openjdk-8-8u102-b14.1/src/hotspot/src/share/vm/classfile/systemDictionary.cpp, line 210]
Event: 0,987 Thread 0x00007f20c0016000 Exception <a 'java/lang/ClassNotFoundException': com/senior/erp/service/CityServiceImplTestBeanInfo> (0x00000000e2c9ef40) thrown at [/build/openjdk-8-81aL4x/openjdk-8-8u102-b14.1/src/hotspot/src/share/vm/classfile/systemDictionary.cpp, line 210]
Event: 0,987 Thread 0x00007f20c0016000 Exception <a 'java/lang/ClassNotFoundException': com/senior/erp/service/CityServiceImplTestCustomizer> (0x00000000e2cb8b30) thrown at [/build/openjdk-8-81aL4x/openjdk-8-8u102-b14.1/src/hotspot/src/share/vm/classfile/systemDictionary.cpp, line 210]
Event: 1,221 Thread 0x00007f20c0016000 Exception <a 'java/lang/NoSuchFieldError': method resolution failed> (0x00000000e2154c28) thrown at [/build/openjdk-8-81aL4x/openjdk-8-8u102-b14.1/src/hotspot/src/share/vm/prims/methodHandles.cpp, line 1146]
Event: 1,224 Thread 0x00007f20c0016000 Exception <a 'java/lang/NoSuchFieldError': method resolution failed> (0x00000000e21622e8) thrown at [/build/openjdk-8-81aL4x/openjdk-8-8u102-b14.1/src/hotspot/src/share/vm/prims/methodHandles.cpp, line 1146]

Events (10 events):
Event: 1445,930 Executing VM operation: RedefineClasses
Event: 1445,938 Executing VM operation: RedefineClasses done
Event: 1447,685 Executing VM operation: EnterInterpOnlyMode
Event: 1447,685 Executing VM operation: EnterInterpOnlyMode done
Event: 1447,685 Executing VM operation: GetCurrentLocation
Event: 1447,685 Executing VM operation: GetCurrentLocation done
Event: 1447,685 Executing VM operation: ChangeSingleStep
Event: 1447,685 Executing VM operation: ChangeSingleStep done
Event: 1447,685 Executing VM operation: ChangeSingleStep
Event: 1447,685 Executing VM operation: ChangeSingleStep done


Dynamic libraries:
00400000-00401000 r-xp 00000000 08:06 137404                             /usr/lib/jvm/java-8-openjdk-amd64/jre/bin/java
00600000-00601000 r--p 00000000 08:06 137404                             /usr/lib/jvm/java-8-openjdk-amd64/jre/bin/java
00601000-00602000 rw-p 00001000 08:06 137404                             /usr/lib/jvm/java-8-openjdk-amd64/jre/bin/java
0188a000-018ab000 rw-p 00000000 00:00 0                                  [heap]
a5600000-a9380000 rw-p 00000000 00:00 0 
a9380000-e1d00000 ---p 00000000 00:00 0 
e1d00000-e5300000 rw-p 00000000 00:00 0 
e5300000-100000000 ---p 00000000 00:00 0 
100000000-1001a0000 rw-p 00000000 00:00 0 
1001a0000-140000000 ---p 00000000 00:00 0 
7f2067e00000-7f2067ec0000 rw-p 00000000 00:00 0 
7f2067ec0000-7f2068000000 ---p 00000000 00:00 0 
7f2068000000-7f2068021000 rw-p 00000000 00:00 0 
7f2068021000-7f206c000000 ---p 00000000 00:00 0 
7f206c000000-7f206c021000 rw-p 00000000 00:00 0 
7f206c021000-7f2070000000 ---p 00000000 00:00 0 
7f2070000000-7f207028c000 rw-p 00000000 00:00 0 
7f207028c000-7f2074000000 ---p 00000000 00:00 0 
7f2074000000-7f2074021000 rw-p 00000000 00:00 0 
7f2074021000-7f2078000000 ---p 00000000 00:00 0 
7f2078000000-7f20782fd000 rw-p 00000000 00:00 0 
7f20782fd000-7f207c000000 ---p 00000000 00:00 0 
7f207c000000-7f207c25e000 rw-p 00000000 00:00 0 
7f207c25e000-7f2080000000 ---p 00000000 00:00 0 
7f2080000000-7f2080021000 rw-p 00000000 00:00 0 
7f2080021000-7f2084000000 ---p 00000000 00:00 0 
7f2084000000-7f2084021000 rw-p 00000000 00:00 0 
7f2084021000-7f2088000000 ---p 00000000 00:00 0 
7f2088000000-7f2088021000 rw-p 00000000 00:00 0 
7f2088021000-7f208c000000 ---p 00000000 00:00 0 
7f208c000000-7f208c0a2000 rw-p 00000000 00:00 0 
7f208c0a2000-7f2090000000 ---p 00000000 00:00 0 
7f2090000000-7f2090021000 rw-p 00000000 00:00 0 
7f2090021000-7f2094000000 ---p 00000000 00:00 0 
7f2094000000-7f2094021000 rw-p 00000000 00:00 0 
7f2094021000-7f2098000000 ---p 00000000 00:00 0 
7f2098000000-7f2098021000 rw-p 00000000 00:00 0 
7f2098021000-7f209c000000 ---p 00000000 00:00 0 
7f209c00c000-7f209c20c000 rw-p 00000000 00:00 0 
7f209c20c000-7f209c21b000 r--p 00000000 08:06 542257                     /usr/share/locale/pt_BR/LC_MESSAGES/libc.mo
7f209c21b000-7f209c21e000 ---p 00000000 00:00 0 
7f209c21e000-7f209c61d000 rw-p 00000000 00:00 0 
7f209c61d000-7f209c634000 r-xp 00000000 08:06 137450                     /usr/lib/jvm/java-8-openjdk-amd64/jre/lib/amd64/libnet.so
7f209c634000-7f209c833000 ---p 00017000 08:06 137450                     /usr/lib/jvm/java-8-openjdk-amd64/jre/lib/amd64/libnet.so
7f209c833000-7f209c834000 r--p 00016000 08:06 137450                     /usr/lib/jvm/java-8-openjdk-amd64/jre/lib/amd64/libnet.so
7f209c834000-7f209c835000 rw-p 00017000 08:06 137450                     /usr/lib/jvm/java-8-openjdk-amd64/jre/lib/amd64/libnet.so
7f209c835000-7f209c83b000 r--s 0003d000 08:06 1440891                    /root/.gradle/caches/modules-2/files-2.1/org.yaml/snakeyaml/1.17/7a27ea250c5130b2922b86dea63cbb1cc10a660c/snakeyaml-1.17.jar
7f209c83b000-7f209c84c000 r--s 000cf000 08:06 820148                     /root/.gradle/caches/modules-2/files-2.1/org.springframework/spring-webmvc/4.3.7.RELEASE/d25b11a605589f176e3ecf1dcae62a991a18b377/spring-webmvc-4.3.7.RELEASE.jar
7f209c84c000-7f209c85d000 r--s 000b7000 08:06 820146                     /root/.gradle/caches/modules-2/files-2.1/org.springframework/spring-web/4.3.7.RELEASE/7b69fc68cdb74c1c92f72905af6995696fcb56aa/spring-web-4.3.7.RELEASE.jar
7f209c85d000-7f209c865000 r--s 0003a000 08:06 687693                     /root/.gradle/caches/modules-2/files-2.1/org.springframework/spring-tx/4.3.7.RELEASE/b761cc783e49b5aa998ac63a721495a9f0f69f9c/spring-tx-4.3.7.RELEASE.jar
7f209c865000-7f209c874000 r--s 00084000 08:06 431237                     /root/.gradle/caches/modules-2/files-2.1/org.springframework/spring-test/4.3.7.RELEASE/480fc4673b53daa1993eb1940711828ebf35807b/spring-test-4.3.7.RELEASE.jar
7f209c874000-7f209c87e000 r--s 0006b000 08:06 687691                     /root/.gradle/caches/modules-2/files-2.1/org.springframework/spring-orm/4.3.7.RELEASE/d9b193994609086ea1f067af07e0af5f53303d92/spring-orm-4.3.7.RELEASE.jar
7f209c87e000-7f209c888000 r--s 0005f000 08:06 431223                     /root/.gradle/caches/modules-2/files-2.1/org.springframework/spring-jdbc/4.3.7.RELEASE/305c8db0f9552948aec093528cd01393cc98a646/spring-jdbc-4.3.7.RELEASE.jar
7f209c888000-7f209c88d000 r--s 0003c000 08:06 1240734                    /root/.gradle/caches/modules-2/files-2.1/org.springframework/spring-expression/4.3.7.RELEASE/5257b6486e43d8c05674323fea5b415d4da72f38/spring-expression-4.3.7.RELEASE.jar
7f209c88d000-7f209c8a4000 r--s 000fb000 08:06 431167                     /root/.gradle/caches/modules-2/files-2.1/org.springframework/spring-core/4.3.7.RELEASE/54fa2db94cc7222edc90ec71354e47cd1dc07f7b/spring-core-4.3.7.RELEASE.jar
7f209c8a4000-7f209c8be000 r--s 000fd000 08:06 820150                     /root/.gradle/caches/modules-2/files-2.1/org.springframework/spring-context/4.3.7.RELEASE/34b66b0b7910122ef95ba4fff6da9238ef80a5de/spring-context-4.3.7.RELEASE.jar
7f209c8be000-7f209c8c3000 r--s 00029000 08:06 820152                     /root/.gradle/caches/modules-2/files-2.1/org.springframework/spring-context-support/4.3.7.RELEASE/7e48f8daf207c06cf0229889a456073832359742/spring-context-support-4.3.7.RELEASE.jar
7f209c8c3000-7f209c8d1000 r--s 000ad000 08:06 1073007                    /root/.gradle/caches/modules-2/files-2.1/org.springframework/spring-beans/4.3.7.RELEASE/2de9f59f3202965438f3a02057d6ad8274636044/spring-beans-4.3.7.RELEASE.jar
7f209c8d1000-7f209c8d4000 r--s 0000c000 08:06 940834                     /root/.gradle/caches/modules-2/files-2.1/org.springframework/spring-aspects/4.3.7.RELEASE/fa0671826a42f6bac5145ffbc78075493dcb4e8b/spring-aspects-4.3.7.RELEASE.jar
7f209c8d4000-7f209c8dd000 r--s 00054000 08:06 1073005                    /root/.gradle/caches/modules-2/files-2.1/org.springframework/spring-aop/4.3.7.RELEASE/3f243d685e4a8a78a0c291445c6d85560ec4d339/spring-aop-4.3.7.RELEASE.jar
7f209c8dd000-7f209c8e4000 r--s 00040000 08:06 940832                     /root/.gradle/caches/modules-2/files-2.1/org.springframework.data/spring-data-jpa/1.11.1.RELEASE/fa362aecd78883991f57a5d64e19f34b57a2c34d/spring-data-jpa-1.11.1.RELEASE.jar
7f209c8e4000-7f209c8f6000 r--s 000a9000 08:06 687689                     /root/.gradle/caches/modules-2/files-2.1/org.springframework.data/spring-data-commons/1.13.1.RELEASE/4e4257f2eb3f191613b4b000d43e8d0c3ff4457e/spring-data-commons-1.13.1.RELEASE.jar
7f209c8f6000-7f209c906000 r--s 00094000 08:06 687679                     /root/.gradle/caches/modules-2/files-2.1/org.springframework.boot/spring-boot/1.5.2.RELEASE/46bb5d8c9ab5d3ef9e158ca5906ee7d3569befc1/spring-boot-1.5.2.RELEASE.jar
7f209c906000-7f209c90a000 r--s 0001f000 08:06 1073025                    /root/.gradle/caches/modules-2/files-2.1/org.springframework.boot/spring-boot-test/1.5.2.RELEASE/7dcdee8bc720b379d6072c742e2a48ccbb00aa09/spring-boot-test-1.5.2.RELEASE.jar
7f209c90a000-7f209c90f000 r--s 00019000 08:06 1073027                    /root/.gradle/caches/modules-2/files-2.1/org.springframework.boot/spring-boot-test-autoconfigure/1.5.2.RELEASE/5fb69965871626aea437c0d676d3be6186d2415d/spring-boot-test-autoconfigure-1.5.2.RELEASE.jar
7f209c90f000-7f209c910000 r--s 00000000 08:06 431215                     /root/.gradle/caches/modules-2/files-2.1/org.springframework.boot/spring-boot-starter/1.5.2.RELEASE/c72938c86ed3beadb385f29bc2954c8ca3aa47ab/spring-boot-starter-1.5.2.RELEASE.jar
7f209c910000-7f209c911000 r--s 00000000 08:06 431217                     /root/.gradle/caches/modules-2/files-2.1/org.springframework.boot/spring-boot-starter-web/1.5.2.RELEASE/27f29876980c079b46be16b759eafe92720f3338/spring-boot-starter-web-1.5.2.RELEASE.jar
7f209c911000-7f209c912000 r--s 00000000 08:06 1072995                    /root/.gradle/caches/modules-2/files-2.1/org.springframework.boot/spring-boot-starter-tomcat/1.5.2.RELEASE/354320ef371fc4fc126d1bb8564cd73085a48823/spring-boot-starter-tomcat-1.5.2.RELEASE.jar
7f209c912000-7f209c913000 r--s 00000000 08:06 820177                     /root/.gradle/caches/modules-2/files-2.1/org.springframework.boot/spring-boot-starter-test/1.5.2.RELEASE/d1d42ca043ea8b25cdf0ac8a2108ee924bfae707/spring-boot-starter-test-1.5.2.RELEASE.jar
7f209c913000-7f209c914000 r--s 00000000 08:06 820140                     /root/.gradle/caches/modules-2/files-2.1/org.springframework.boot/spring-boot-starter-logging/1.5.2.RELEASE/32210889e1f9bb09ac134b9f43a117ed62f0bed2/spring-boot-starter-logging-1.5.2.RELEASE.jar
7f209c914000-7f209c915000 r--s 00000000 08:06 820156                     /root/.gradle/caches/modules-2/files-2.1/org.springframework.boot/spring-boot-starter-jdbc/1.5.2.RELEASE/bf431678f6e201fadac9b06f4627358c1554d4e0/spring-boot-starter-jdbc-1.5.2.RELEASE.jar
7f209c915000-7f209c916000 r--s 00000000 08:06 1343538                    /root/.gradle/caches/modules-2/files-2.1/org.springframework.boot/spring-boot-starter-data-jpa/1.5.3.RELEASE/67f1d0cc0fdeb20595c54ce3340f048fe3b6f67f/spring-boot-starter-data-jpa-1.5.3.RELEASE.jar
7f209c916000-7f209c917000 r--s 00000000 08:06 1343536                    /root/.gradle/caches/modules-2/files-2.1/org.springframework.boot/spring-boot-starter-cache/1.5.2.RELEASE/73c0efad7ce5f60fffb8178647cd6ec108a8b3f3/spring-boot-starter-cache-1.5.2.RELEASE.jar
7f209c917000-7f209c937000 r--s 000e0000 08:06 687681                     /root/.gradle/caches/modules-2/files-2.1/org.springframework.boot/spring-boot-autoconfigure/1.5.2.RELEASE/8a9b8c747bc2c86eefde10330cb2984541bcb9d1/spring-boot-autoconfigure-1.5.2.RELEASE.jar
7f209c937000-7f209c939000 r--s 00009000 08:06 820160                     /root/.gradle/caches/modules-2/files-2.1/org.slf4j/slf4j-api/1.7.24/3f6b4bd4f8dbe8d4bea06d107a3826469b85c3e9/slf4j-api-1.7.24.jar
7f209c939000-7f209c93b000 r--s 00004000 08:06 1072999                    /root/.gradle/caches/modules-2/files-2.1/org.slf4j/log4j-over-slf4j/1.7.24/6ab46c51a3848286a0db3ba7b22037b3834c3c44/log4j-over-slf4j-1.7.24.jar
7f209c93b000-7f209c9a4000 r--s 004f3000 08:06 820158                     /root/.gradle/caches/modules-2/files-2.1/org.hibernate/hibernate-core/5.0.12.Final/e58bf1c660e6706d8e2cbb53bae110f574366102/hibernate-core-5.0.12.Final.jar
7f209c9a4000-7f209c9a5000 ---p 00000000 00:00 0 
7f209c9a5000-7f209caa5000 rw-p 00000000 00:00 0 
7f209caa5000-7f209caa8000 ---p 00000000 00:00 0 
7f209caa8000-7f209cba6000 rw-p 00000000 00:00 0 
7f209cba6000-7f209cba9000 ---p 00000000 00:00 0 
7f209cba9000-7f209cca7000 rw-p 00000000 00:00 0 
7f209cca7000-7f209ccaa000 ---p 00000000 00:00 0 
7f209ccaa000-7f209cda8000 rw-p 00000000 00:00 0 
7f209cda8000-7f209cdab000 ---p 00000000 00:00 0 
7f209cdab000-7f209cea9000 rw-p 00000000 00:00 0 
7f209cea9000-7f209ceac000 ---p 00000000 00:00 0 
7f209ceac000-7f209cfaa000 rw-p 00000000 00:00 0 
7f209cfaa000-7f209cfad000 ---p 00000000 00:00 0 
7f209cfad000-7f209d0ab000 rw-p 00000000 00:00 0 
7f209d0ab000-7f209d0af000 r-xp 00000000 08:06 137429                     /usr/lib/jvm/java-8-openjdk-amd64/jre/lib/amd64/libdt_socket.so
7f209d0af000-7f209d2ae000 ---p 00004000 08:06 137429                     /usr/lib/jvm/java-8-openjdk-amd64/jre/lib/amd64/libdt_socket.so
7f209d2ae000-7f209d2af000 r--p 00003000 08:06 137429                     /usr/lib/jvm/java-8-openjdk-amd64/jre/lib/amd64/libdt_socket.so
7f209d2af000-7f209d2b0000 rw-p 00004000 08:06 137429                     /usr/lib/jvm/java-8-openjdk-amd64/jre/lib/amd64/libdt_socket.so
7f209d2b0000-7f20a0000000 rw-p 00000000 00:00 0 
7f20a0000000-7f20a0021000 rw-p 00000000 00:00 0 
7f20a0021000-7f20a4000000 ---p 00000000 00:00 0 
7f20a4000000-7f20a4021000 rw-p 00000000 00:00 0 
7f20a4021000-7f20a8000000 ---p 00000000 00:00 0 
7f20a8000000-7f20a8021000 rw-p 00000000 00:00 0 
7f20a8021000-7f20ac000000 ---p 00000000 00:00 0 
7f20ac000000-7f20ac021000 rw-p 00000000 00:00 0 
7f20ac021000-7f20b0000000 ---p 00000000 00:00 0 
7f20b0000000-7f20b0001000 r--s 00000000 08:06 820154                     /root/.gradle/caches/modules-2/files-2.1/org.springframework.boot/spring-boot-starter-aop/1.5.2.RELEASE/9a21295c00a62bfaaa930ba5f7909fe26eea2562/spring-boot-starter-aop-1.5.2.RELEASE.jar
7f20b0001000-7f20b0003000 r--s 00000000 08:06 1072997                    /root/.gradle/caches/modules-2/files-2.1/org.slf4j/jul-to-slf4j/1.7.24/25a2be668cb2ad1d05d76c0773df73b4b53617fd/jul-to-slf4j-1.7.24.jar
7f20b0003000-7f20b0005000 r--s 00003000 08:06 940838                     /root/.gradle/caches/modules-2/files-2.1/org.slf4j/jcl-over-slf4j/1.7.24/e6a8629079856a2aa7862c6327ccf6dd1988d7fc/jcl-over-slf4j-1.7.24.jar
7f20b0005000-7f20b0007000 r--s 00006000 08:06 1445510                    /root/.gradle/caches/modules-2/files-2.1/org.skyscreamer/jsonassert/1.4.0/9cdbb373a06f6513e51e8c545ee6a5e981463edb/jsonassert-1.4.0.jar
7f20b0007000-7f20b000f000 r--s 000a5000 08:06 1240732                    /root/.gradle/caches/modules-2/files-2.1/org.postgresql/postgresql/42.0.0/938ede0cdf862cc4eaba5023a86254783af1d261/postgresql-42.0.0.jar
7f20b000f000-7f20b0010000 r--s 0000c000 08:06 1440921                    /root/.gradle/caches/modules-2/files-2.1/org.ow2.asm/asm/5.0.3/dcc2193db20e19e1feca8b1240dbbc4e190824fa/asm-5.0.3.jar
7f20b0010000-7f20b0011000 r--s 00001000 08:06 1343604                    /root/.gradle/caches/modules-2/files-2.1/org.opentest4j/opentest4j/1.0.0-M2/e2caa64702a83336d3dd32c7f69c1f092156df6d/opentest4j-1.0.0-M2.jar
7f20b0011000-7f20b0013000 r--s 00009000 08:06 1440905                    /root/.gradle/caches/modules-2/files-2.1/org.objenesis/objenesis/2.1/87c0ea803b69252868d09308b4618f766f135a96/objenesis-2.1.jar
7f20b0013000-7f20b002f000 r--s 00103000 08:06 1440875                    /root/.gradle/caches/modules-2/files-2.1/org.mockito/mockito-core/1.10.19/e8546f5bef4e061d8dd73895b4e8f40e3fe6effe/mockito-core-1.10.19.jar
7f20b002f000-7f20b0032000 r--s 00012000 08:06 1343606                    /root/.gradle/caches/modules-2/files-2.1/org.junit.platform/junit-platform-engine/1.0.0-M4/5e65bdd2d623dfc6a405911a6449f2c60808b0af/junit-platform-engine-1.0.0-M4.jar
7f20b0032000-7f20b0034000 r--s 0000c000 08:06 1343605                    /root/.gradle/caches/modules-2/files-2.1/org.junit.platform/junit-platform-commons/1.0.0-M4/359eb461814bd7356de541d131d45473d394a168/junit-platform-commons-1.0.0-M4.jar
7f20b0034000-7f20b0037000 r--s 00018000 08:06 687798                     /root/.gradle/caches/modules-2/files-2.1/org.junit.jupiter/junit-jupiter-engine/5.0.0-M4/10e0dc41a4e9c1817c2b729c3a7c48b1ddfed17/junit-jupiter-engine-5.0.0-M4.jar
7f20b0037000-7f20b0039000 r--s 00010000 08:06 687796                     /root/.gradle/caches/modules-2/files-2.1/org.junit.jupiter/junit-jupiter-api/5.0.0-M4/50f95d68c674a30374c5f50e6ad5212d2c1a3cec/junit-jupiter-api-5.0.0-M4.jar
7f20b0039000-7f20b003c000 r--s 0002b000 08:06 431229                     /root/.gradle/caches/modules-2/files-2.1/org.jboss/jandex/2.0.0.Final/3e899258936f94649c777193e1be846387ed54b3/jandex-2.0.0.Final.jar
7f20b003c000-7f20b003e000 r--s 0000f000 08:06 1445214                    /root/.gradle/caches/modules-2/files-2.1/org.jboss.logging/jboss-logging/3.3.0.Final/3616bb87707910296e2c195dc016287080bba5af/jboss-logging-3.3.0.Final.jar
7f20b003e000-7f20b0048000 r--s 000aa000 08:06 431225                     /root/.gradle/caches/modules-2/files-2.1/org.javassist/javassist/3.21.0-GA/598244f595db5c5fb713731eddbb1c91a58d959b/javassist-3.21.0-GA.jar
7f20b0048000-7f20b0059000 r--s 000a1000 08:06 820142                     /root/.gradle/caches/modules-2/files-2.1/org.hibernate/hibernate-validator/5.3.4.Final/2f6c8c0b646afe18e3ad205726729d3c4a85fe2e/hibernate-validator-5.3.4.Final.jar
7f20b0059000-7f20b0066000 r--s 00089000 08:06 940828                     /root/.gradle/caches/modules-2/files-2.1/org.hibernate/hibernate-entitymanager/5.0.12.Final/302a526f5058290e9cbd719a5caf9f248d344719/hibernate-entitymanager-5.0.12.Final.jar
7f20b0066000-7f20b006b000 r--s 00017000 08:06 687683                     /root/.gradle/caches/modules-2/files-2.1/org.hibernate.javax.persistence/hibernate-jpa-2.1-api/1.0.0.Final/5e731d961297e5a07290bfaf3db1fbc8bbbf405a/hibernate-jpa-2.1-api-1.0.0.Final.jar
7f20b006b000-7f20b006e000 r--s 00010000 08:06 687687                     /root/.gradle/caches/modules-2/files-2.1/org.hibernate.common/hibernate-commons-annotations/5.0.1.Final/71e1cff3fcb20d3b3af4f3363c3ddb24d33c6879/hibernate-commons-annotations-5.0.1.Final.jar
7f20b006e000-7f20b0070000 r--s 00009000 08:06 1440877                    /root/.gradle/caches/modules-2/files-2.1/org.hamcrest/hamcrest-core/1.3/42a25dc3219429f0e5d060061f71acb49bf010a0/hamcrest-core-1.3.jar
7f20b0070000-7f20b0076000 r--s 00045000 08:06 577242                     /root/.gradle/caches/modules-2/files-2.1/org.hamcrest/hamcrest-all/1.3/63a21ebc981131004ad02e0434e799fd7f3a8d5a/hamcrest-all-1.3.jar
7f20b0076000-7f20b008a000 r--s 000dc000 08:06 1445350                    /root/.gradle/caches/modules-2/files-2.1/org.assertj/assertj-core/2.6.0/b532c3fc4f66bcfee4989a3514f1cd56203a33ad/assertj-core-2.6.0.jar
7f20b008a000-7f20b00a3000 r--s 001af000 08:06 431219                     /root/.gradle/caches/modules-2/files-2.1/org.aspectj/aspectjweaver/1.8.9/db28774f477f07220eac18d5ec9c4e01f48589d7/aspectjweaver-1.8.9.jar
7f20b00a3000-7f20b00a5000 r--s 00009000 08:06 820164                     /root/.gradle/caches/modules-2/files-2.1/org.apache.tomcat/tomcat-juli/8.5.11/fa0b261ce002175b65ebb6ae8eb4345cb7e57da3/tomcat-juli-8.5.11.jar
7f20b00a5000-7f20b00a8000 r--s 00020000 08:06 431221                     /root/.gradle/caches/modules-2/files-2.1/org.apache.tomcat/tomcat-jdbc/8.5.11/4d156969f12963b5f9232e9fe68ab710c3318ad5/tomcat-jdbc-8.5.11.jar
7f20b00a8000-7f20b00ad000 r--s 00036000 08:06 940844                     /root/.gradle/caches/modules-2/files-2.1/org.apache.tomcat.embed/tomcat-embed-websocket/8.5.11/dfa65e7857d46630761c0571758a56f7cbd1e9ba/tomcat-embed-websocket-8.5.11.jar
7f20b00ad000-7f20b00b2000 r--s 00036000 08:06 940842                     /root/.gradle/caches/modules-2/files-2.1/org.apache.tomcat.embed/tomcat-embed-el/8.5.11/60253815b897166903bf5ec41219c5bb15333a69/tomcat-embed-el-8.5.11.jar
7f20b00b2000-7f20b00db000 r--s 002b8000 08:06 940840                     /root/.gradle/caches/modules-2/files-2.1/org.apache.tomcat.embed/tomcat-embed-core/8.5.11/72761f51fc7cef3ee19d4aafc7adc605df9f611f/tomcat-embed-core-8.5.11.jar
7f20b00db000-7f20b00de000 r--s 0001b000 08:06 1440901                    /root/.gradle/caches/modules-2/files-2.1/net.minidev/json-smart/2.2.1/5b9e5df7a62d1279b70dc882b041d249c4f0b002/json-smart-2.2.1.jar
7f20b00de000-7f20b00e0000 r--s 00012000 08:06 1440917                    /root/.gradle/caches/modules-2/files-2.1/net.minidev/accessors-smart/1.1/a527213f2fea112a04c9bdf0ec0264e34104cd08/accessors-smart-1.1.jar
7f20b00e0000-7f20b00e8000 r--s 00045000 08:06 1440871                    /root/.gradle/caches/modules-2/files-2.1/junit/junit/4.12/2973d150c0dc1fefe998f834810d68f278ea58ec/junit-4.12.jar
7f20b00e8000-7f20b00ec000 r--s 0000c000 08:06 1445212                    /root/.gradle/caches/modules-2/files-2.1/javax.validation/validation-api/1.1.0.Final/8613ae82954779d518631e05daa73a6a954817d5/validation-api-1.1.0.Final.jar
7f20b00ec000-7f20b00f1000 r--s 00048000 08:06 687685                     /root/.gradle/caches/modules-2/files-2.1/dom4j/dom4j/1.6.1/5d3ccc056b6f056dbf0dddfdf43894b9065a8f94/dom4j-1.6.1.jar
7f20b00f1000-7f20b00f4000 ---p 00000000 00:00 0 
7f20b00f4000-7f20b01f2000 rw-p 00000000 00:00 0 
7f20b01f2000-7f20b01f5000 ---p 00000000 00:00 0 
7f20b01f5000-7f20b02f3000 rw-p 00000000 00:00 0 
7f20b02f3000-7f20b02f6000 ---p 00000000 00:00 0 
7f20b02f6000-7f20b03f4000 rw-p 00000000 00:00 0 
7f20b03f4000-7f20b03f7000 ---p 00000000 00:00 0 
7f20b03f7000-7f20b04f5000 rw-p 00000000 00:00 0 
7f20b04f5000-7f20b04f6000 ---p 00000000 00:00 0 
7f20b04f6000-7f20b1000000 rw-p 00000000 00:00 0 
7f20b1000000-7f20b13c0000 rwxp 00000000 00:00 0 
7f20b13c0000-7f20c0000000 ---p 00000000 00:00 0 
7f20c0000000-7f20c08ea000 rw-p 00000000 00:00 0 
7f20c08ea000-7f20c4000000 ---p 00000000 00:00 0 
7f20c4000000-7f20c4001000 r--s 0000c000 08:06 1440879                    /root/.gradle/caches/modules-2/files-2.1/org.hamcrest/hamcrest-library/1.3/4785a3c21320980282f9f33d0d1264a69040538f/hamcrest-library-1.3.jar
7f20c4001000-7f20c4003000 r--s 00006000 08:06 940830                     /root/.gradle/caches/modules-2/files-2.1/javax.transaction/javax.transaction-api/1.2/d81aff979d603edd90dcd8db2abc1f4ce6479e3e/javax.transaction-api-1.2.jar
7f20c4003000-7f20c4004000 r--s 00004000 08:06 1445528                    /root/.gradle/caches/modules-2/files-2.1/com.vaadin.external.google/android-json/0.0.20131108.vaadin1/fa26d351fe62a6a17f5cda1287c1c6110dec413f/android-json-0.0.20131108.vaadin1.jar
7f20c4004000-7f20c4009000 r--s 0002e000 08:06 1440869                    /root/.gradle/caches/modules-2/files-2.1/com.jayway.jsonpath/json-path/2.2.0/22290d17944bd239fabf5ac69005a60a7ecbbbcb/json-path-2.2.0.jar
7f20c4009000-7f20c400b000 r--s 0000e000 08:06 940846                     /root/.gradle/caches/modules-2/files-2.1/com.fasterxml/classmate/1.3.3/864c8e370a691e343210cc7c532fc198cee460d8/classmate-1.3.3.jar
7f20c400b000-7f20c401d000 r--s 0011d000 08:06 820144                     /root/.gradle/caches/modules-2/files-2.1/com.fasterxml.jackson.core/jackson-databind/2.8.7/6c3257ef458ac58a8da69a6dca3d2a15286d88c8/jackson-databind-2.8.7.jar
7f20c401d000-7f20c4020000 r--s 00042000 08:06 1073003                    /root/.gradle/caches/modules-2/files-2.1/com.fasterxml.jackson.core/jackson-core/2.8.7/8b46f39c78476fb848c81a49fa807a9e9506dddd/jackson-core-2.8.7.jar
7f20c4020000-7f20c4023000 r--s 0000b000 08:06 1073001                    /root/.gradle/caches/modules-2/files-2.1/com.fasterxml.jackson.core/jackson-annotations/2.8.0/45b426f7796b741035581a176744d91090e2e6fb/jackson-annotations-2.8.0.jar
7f20c4023000-7f20c402e000 r--s 0006a000 08:06 820162                     /root/.gradle/caches/modules-2/files-2.1/ch.qos.logback/logback-core/1.1.11/88b8df40340eed549fb07e2613879bf6b006704d/logback-core-1.1.11.jar
7f20c402e000-7f20c4035000 r--s 00045000 08:06 940836                     /root/.gradle/caches/modules-2/files-2.1/ch.qos.logback/logback-classic/1.1.11/ccedfbacef4a6515d2983e3f89ed753d5d4fb665/logback-classic-1.1.11.jar
7f20c4035000-7f20c403a000 r--s 00068000 08:06 431227                     /root/.gradle/caches/modules-2/files-2.1/antlr/antlr/2.7.7/83cd2cd674a217ade95a4bb83a8a14f351f48bd0/antlr-2.7.7.jar
7f20c403a000-7f20c403c000 r--s 00007000 08:06 315675                     /usr/share/java/java-atk-wrapper.jar
7f20c403c000-7f20c4057000 r--s 001d5000 08:06 137484                     /usr/lib/jvm/java-8-openjdk-amd64/jre/lib/ext/nashorn.jar
7f20c4057000-7f20c4073000 r--s 00393000 08:06 137477                     /usr/lib/jvm/java-8-openjdk-amd64/jre/lib/ext/cldrdata.jar
7f20c4073000-7f20c4076000 r--s 0000f000 08:06 137479                     /usr/lib/jvm/java-8-openjdk-amd64/jre/lib/ext/icedtea-sound.jar
7f20c4076000-7f20c407b000 r--s 0003b000 08:06 137486                     /usr/lib/jvm/java-8-openjdk-amd64/jre/lib/ext/sunjce_provider.jar
7f20c407b000-7f20c4085000 r--s 00116000 08:06 137483                     /usr/lib/jvm/java-8-openjdk-amd64/jre/lib/ext/localedata.jar
7f20c4085000-7f20c4087000 r--s 00001000 08:06 137478                     /usr/lib/jvm/java-8-openjdk-amd64/jre/lib/ext/dnsns.jar
7f20c4087000-7f20c463c000 rw-p 00000000 00:00 0 
7f20c463c000-7f20c480a000 r--s 03bf1000 08:06 137513                     /usr/lib/jvm/java-8-openjdk-amd64/jre/lib/rt.jar
7f20c480a000-7f20c53b0000 rw-p 00000000 00:00 0 
7f20c53b0000-7f20c53b1000 ---p 00000000 00:00 0 
7f20c53b1000-7f20c54b1000 rw-p 00000000 00:00 0 
7f20c54b1000-7f20c54b2000 ---p 00000000 00:00 0 
7f20c54b2000-7f20c55b2000 rw-p 00000000 00:00 0 
7f20c55b2000-7f20c55b3000 ---p 00000000 00:00 0 
7f20c55b3000-7f20c56b3000 rw-p 00000000 00:00 0 
7f20c56b3000-7f20c56b4000 ---p 00000000 00:00 0 
7f20c56b4000-7f20c57d3000 rw-p 00000000 00:00 0 
7f20c57d3000-7f20c5998000 ---p 00000000 00:00 0 
7f20c5998000-7f20c59b7000 rw-p 00000000 00:00 0 
7f20c59b7000-7f20c5b7b000 ---p 00000000 00:00 0 
7f20c5b7b000-7f20c5b97000 rw-p 00000000 00:00 0 
7f20c5b97000-7f20c5c6d000 ---p 00000000 00:00 0 
7f20c5c6d000-7f20c5c7d000 rw-p 00000000 00:00 0 
7f20c5c7d000-7f20c602e000 ---p 00000000 00:00 0 
7f20c602e000-7f20c6036000 r-xp 00000000 08:06 137459                     /usr/lib/jvm/java-8-openjdk-amd64/jre/lib/amd64/libzip.so
7f20c6036000-7f20c6235000 ---p 00008000 08:06 137459                     /usr/lib/jvm/java-8-openjdk-amd64/jre/lib/amd64/libzip.so
7f20c6235000-7f20c6236000 r--p 00007000 08:06 137459                     /usr/lib/jvm/java-8-openjdk-amd64/jre/lib/amd64/libzip.so
7f20c6236000-7f20c6237000 rw-p 00008000 08:06 137459                     /usr/lib/jvm/java-8-openjdk-amd64/jre/lib/amd64/libzip.so
7f20c6237000-7f20c6242000 r-xp 00000000 08:06 523960                     /lib/x86_64-linux-gnu/libnss_files-2.23.so
7f20c6242000-7f20c6441000 ---p 0000b000 08:06 523960                     /lib/x86_64-linux-gnu/libnss_files-2.23.so
7f20c6441000-7f20c6442000 r--p 0000a000 08:06 523960                     /lib/x86_64-linux-gnu/libnss_files-2.23.so
7f20c6442000-7f20c6443000 rw-p 0000b000 08:06 523960                     /lib/x86_64-linux-gnu/libnss_files-2.23.so
7f20c6443000-7f20c6449000 rw-p 00000000 00:00 0 
7f20c6449000-7f20c6454000 r-xp 00000000 08:06 523971                     /lib/x86_64-linux-gnu/libnss_nis-2.23.so
7f20c6454000-7f20c6653000 ---p 0000b000 08:06 523971                     /lib/x86_64-linux-gnu/libnss_nis-2.23.so
7f20c6653000-7f20c6654000 r--p 0000a000 08:06 523971                     /lib/x86_64-linux-gnu/libnss_nis-2.23.so
7f20c6654000-7f20c6655000 rw-p 0000b000 08:06 523971                     /lib/x86_64-linux-gnu/libnss_nis-2.23.so
7f20c6655000-7f20c666a000 r-xp 00000000 08:06 523954                     /lib/x86_64-linux-gnu/libnsl-2.23.so
7f20c666a000-7f20c6869000 ---p 00015000 08:06 523954                     /lib/x86_64-linux-gnu/libnsl-2.23.so
7f20c6869000-7f20c686a000 r--p 00014000 08:06 523954                     /lib/x86_64-linux-gnu/libnsl-2.23.so
7f20c686a000-7f20c686b000 rw-p 00015000 08:06 523954                     /lib/x86_64-linux-gnu/libnsl-2.23.so
7f20c686b000-7f20c686d000 rw-p 00000000 00:00 0 
7f20c686d000-7f20c6874000 r-xp 00000000 08:06 523956                     /lib/x86_64-linux-gnu/libnss_compat-2.23.so
7f20c6874000-7f20c6a73000 ---p 00007000 08:06 523956                     /lib/x86_64-linux-gnu/libnss_compat-2.23.so
7f20c6a73000-7f20c6a74000 r--p 00006000 08:06 523956                     /lib/x86_64-linux-gnu/libnss_compat-2.23.so
7f20c6a74000-7f20c6a75000 rw-p 00007000 08:06 523956                     /lib/x86_64-linux-gnu/libnss_compat-2.23.so
7f20c6a75000-7f20c6ba5000 r--p 00000000 08:06 263600                     /usr/lib/locale/aa_DJ.utf8/LC_COLLATE
7f20c6ba5000-7f20c6ba7000 r-xp 00000000 08:06 137452                     /usr/lib/jvm/java-8-openjdk-amd64/jre/lib/amd64/libnpt.so
7f20c6ba7000-7f20c6da7000 ---p 00002000 08:06 137452                     /usr/lib/jvm/java-8-openjdk-amd64/jre/lib/amd64/libnpt.so
7f20c6da7000-7f20c6da8000 r--p 00002000 08:06 137452                     /usr/lib/jvm/java-8-openjdk-amd64/jre/lib/amd64/libnpt.so
7f20c6da8000-7f20c6da9000 rw-p 00003000 08:06 137452                     /usr/lib/jvm/java-8-openjdk-amd64/jre/lib/amd64/libnpt.so
7f20c6da9000-7f20c6de4000 r-xp 00000000 08:06 137443                     /usr/lib/jvm/java-8-openjdk-amd64/jre/lib/amd64/libjdwp.so
7f20c6de4000-7f20c6fe3000 ---p 0003b000 08:06 137443                     /usr/lib/jvm/java-8-openjdk-amd64/jre/lib/amd64/libjdwp.so
7f20c6fe3000-7f20c6fe4000 r--p 0003a000 08:06 137443                     /usr/lib/jvm/java-8-openjdk-amd64/jre/lib/amd64/libjdwp.so
7f20c6fe4000-7f20c6fe5000 rw-p 0003b000 08:06 137443                     /usr/lib/jvm/java-8-openjdk-amd64/jre/lib/amd64/libjdwp.so
7f20c6fe5000-7f20c7012000 r-xp 00000000 08:06 137438                     /usr/lib/jvm/java-8-openjdk-amd64/jre/lib/amd64/libjava.so
7f20c7012000-7f20c7211000 ---p 0002d000 08:06 137438                     /usr/lib/jvm/java-8-openjdk-amd64/jre/lib/amd64/libjava.so
7f20c7211000-7f20c7212000 r--p 0002c000 08:06 137438                     /usr/lib/jvm/java-8-openjdk-amd64/jre/lib/amd64/libjava.so
7f20c7212000-7f20c7214000 rw-p 0002d000 08:06 137438                     /usr/lib/jvm/java-8-openjdk-amd64/jre/lib/amd64/libjava.so
7f20c7214000-7f20c7223000 r-xp 00000000 08:06 137458                     /usr/lib/jvm/java-8-openjdk-amd64/jre/lib/amd64/libverify.so
7f20c7223000-7f20c7422000 ---p 0000f000 08:06 137458                     /usr/lib/jvm/java-8-openjdk-amd64/jre/lib/amd64/libverify.so
7f20c7422000-7f20c7424000 r--p 0000e000 08:06 137458                     /usr/lib/jvm/java-8-openjdk-amd64/jre/lib/amd64/libverify.so
7f20c7424000-7f20c7425000 rw-p 00010000 08:06 137458                     /usr/lib/jvm/java-8-openjdk-amd64/jre/lib/amd64/libverify.so
7f20c7425000-7f20c742c000 r-xp 00000000 08:06 524004                     /lib/x86_64-linux-gnu/librt-2.23.so
7f20c742c000-7f20c762b000 ---p 00007000 08:06 524004                     /lib/x86_64-linux-gnu/librt-2.23.so
7f20c762b000-7f20c762c000 r--p 00006000 08:06 524004                     /lib/x86_64-linux-gnu/librt-2.23.so
7f20c762c000-7f20c762d000 rw-p 00007000 08:06 524004                     /lib/x86_64-linux-gnu/librt-2.23.so
7f20c762d000-7f20c7643000 r-xp 00000000 08:06 523907                     /lib/x86_64-linux-gnu/libgcc_s.so.1
7f20c7643000-7f20c7842000 ---p 00016000 08:06 523907                     /lib/x86_64-linux-gnu/libgcc_s.so.1
7f20c7842000-7f20c7843000 rw-p 00015000 08:06 523907                     /lib/x86_64-linux-gnu/libgcc_s.so.1
7f20c7843000-7f20c7947000 r-xp 00000000 08:06 523937                     /lib/x86_64-linux-gnu/libm-2.23.so
7f20c7947000-7f20c7b46000 ---p 00104000 08:06 523937                     /lib/x86_64-linux-gnu/libm-2.23.so
7f20c7b46000-7f20c7b47000 r--p 00103000 08:06 523937                     /lib/x86_64-linux-gnu/libm-2.23.so
7f20c7b47000-7f20c7b48000 rw-p 00104000 08:06 523937                     /lib/x86_64-linux-gnu/libm-2.23.so
7f20c7b48000-7f20c7cb9000 r-xp 00000000 08:06 1322122                    /usr/lib/x86_64-linux-gnu/libstdc++.so.6.0.22
7f20c7cb9000-7f20c7eb9000 ---p 00171000 08:06 1322122                    /usr/lib/x86_64-linux-gnu/libstdc++.so.6.0.22
7f20c7eb9000-7f20c7ec3000 r--p 00171000 08:06 1322122                    /usr/lib/x86_64-linux-gnu/libstdc++.so.6.0.22
7f20c7ec3000-7f20c7ec5000 rw-p 0017b000 08:06 1322122                    /usr/lib/x86_64-linux-gnu/libstdc++.so.6.0.22
7f20c7ec5000-7f20c7ec9000 rw-p 00000000 00:00 0 
7f20c7ec9000-7f20c8b1c000 r-xp 00000000 08:06 137464                     /usr/lib/jvm/java-8-openjdk-amd64/jre/lib/amd64/server/libjvm.so
7f20c8b1c000-7f20c8d1b000 ---p 00c53000 08:06 137464                     /usr/lib/jvm/java-8-openjdk-amd64/jre/lib/amd64/server/libjvm.so
7f20c8d1b000-7f20c8dae000 r--p 00c52000 08:06 137464                     /usr/lib/jvm/java-8-openjdk-amd64/jre/lib/amd64/server/libjvm.so
7f20c8dae000-7f20c8dd7000 rw-p 00ce5000 08:06 137464                     /usr/lib/jvm/java-8-openjdk-amd64/jre/lib/amd64/server/libjvm.so
7f20c8dd7000-7f20c8e07000 rw-p 00000000 00:00 0 
7f20c8e07000-7f20c8f9e000 r-xp 00000000 08:06 523870                     /lib/x86_64-linux-gnu/libc-2.23.so
7f20c8f9e000-7f20c919e000 ---p 00197000 08:06 523870                     /lib/x86_64-linux-gnu/libc-2.23.so
7f20c919e000-7f20c91a2000 r--p 00197000 08:06 523870                     /lib/x86_64-linux-gnu/libc-2.23.so
7f20c91a2000-7f20c91a4000 rw-p 0019b000 08:06 523870                     /lib/x86_64-linux-gnu/libc-2.23.so
7f20c91a4000-7f20c91a8000 rw-p 00000000 00:00 0 
7f20c91a8000-7f20c91aa000 r-xp 00000000 08:06 523893                     /lib/x86_64-linux-gnu/libdl-2.23.so
7f20c91aa000-7f20c93aa000 ---p 00002000 08:06 523893                     /lib/x86_64-linux-gnu/libdl-2.23.so
7f20c93aa000-7f20c93ab000 r--p 00002000 08:06 523893                     /lib/x86_64-linux-gnu/libdl-2.23.so
7f20c93ab000-7f20c93ac000 rw-p 00003000 08:06 523893                     /lib/x86_64-linux-gnu/libdl-2.23.so
7f20c93ac000-7f20c93b9000 r-xp 00000000 08:06 137422                     /usr/lib/jvm/java-8-openjdk-amd64/jre/lib/amd64/jli/libjli.so
7f20c93b9000-7f20c95b9000 ---p 0000d000 08:06 137422                     /usr/lib/jvm/java-8-openjdk-amd64/jre/lib/amd64/jli/libjli.so
7f20c95b9000-7f20c95ba000 r--p 0000d000 08:06 137422                     /usr/lib/jvm/java-8-openjdk-amd64/jre/lib/amd64/jli/libjli.so
7f20c95ba000-7f20c95bb000 rw-p 0000e000 08:06 137422                     /usr/lib/jvm/java-8-openjdk-amd64/jre/lib/amd64/jli/libjli.so
7f20c95bb000-7f20c95d5000 r-xp 00000000 08:06 524038                     /lib/x86_64-linux-gnu/libz.so.1.2.8
7f20c95d5000-7f20c97d4000 ---p 0001a000 08:06 524038                     /lib/x86_64-linux-gnu/libz.so.1.2.8
7f20c97d4000-7f20c97d5000 r--p 00019000 08:06 524038                     /lib/x86_64-linux-gnu/libz.so.1.2.8
7f20c97d5000-7f20c97d6000 rw-p 0001a000 08:06 524038                     /lib/x86_64-linux-gnu/libz.so.1.2.8
7f20c97d6000-7f20c97ee000 r-xp 00000000 08:06 523996                     /lib/x86_64-linux-gnu/libpthread-2.23.so
7f20c97ee000-7f20c99ed000 ---p 00018000 08:06 523996                     /lib/x86_64-linux-gnu/libpthread-2.23.so
7f20c99ed000-7f20c99ee000 r--p 00017000 08:06 523996                     /lib/x86_64-linux-gnu/libpthread-2.23.so
7f20c99ee000-7f20c99ef000 rw-p 00018000 08:06 523996                     /lib/x86_64-linux-gnu/libpthread-2.23.so
7f20c99ef000-7f20c99f3000 rw-p 00000000 00:00 0 
7f20c99f3000-7f20c9a17000 r-xp 00000000 08:06 523842                     /lib/x86_64-linux-gnu/ld-2.23.so
7f20c9a17000-7f20c9a18000 r--s 00008000 08:06 137485                     /usr/lib/jvm/java-8-openjdk-amd64/jre/lib/ext/sunec.jar
7f20c9a18000-7f20c9a1c000 r--s 00037000 08:06 137487                     /usr/lib/jvm/java-8-openjdk-amd64/jre/lib/ext/sunpkcs11.jar
7f20c9a1c000-7f20c9aa3000 rw-p 00000000 00:00 0 
7f20c9aa3000-7f20c9af1000 r--p 00000000 08:06 263601                     /usr/lib/locale/aa_DJ.utf8/LC_CTYPE
7f20c9af1000-7f20c9af4000 ---p 00000000 00:00 0 
7f20c9af4000-7f20c9bf7000 rw-p 00000000 00:00 0 
7f20c9bf7000-7f20c9bf8000 r--s 0000a000 08:06 137480                     /usr/lib/jvm/java-8-openjdk-amd64/jre/lib/ext/jaccess.jar
7f20c9bf8000-7f20c9bf9000 r--s 00010000 08:06 137488                     /usr/lib/jvm/java-8-openjdk-amd64/jre/lib/ext/zipfs.jar
7f20c9bf9000-7f20c9c01000 rw-s 00000000 08:09 97                         /tmp/hsperfdata_root/30532
7f20c9c01000-7f20c9c02000 r--p 00000000 08:06 263734                     /usr/lib/locale/an_ES.utf8/LC_NUMERIC
7f20c9c02000-7f20c9c03000 r--p 00000000 08:06 526269                     /usr/lib/locale/pt_BR.utf8/LC_TIME
7f20c9c03000-7f20c9c04000 r--p 00000000 08:06 526264                     /usr/lib/locale/pt_BR.utf8/LC_MONETARY
7f20c9c04000-7f20c9c05000 r--p 00000000 08:06 526263                     /usr/lib/locale/pt_BR.utf8/LC_MESSAGES/SYS_LC_MESSAGES
7f20c9c05000-7f20c9c06000 r--p 00000000 08:06 263609                     /usr/lib/locale/aa_DJ.utf8/LC_PAPER
7f20c9c06000-7f20c9c07000 r--p 00000000 08:06 263691                     /usr/lib/locale/ak_GH/LC_NAME
7f20c9c07000-7f20c9c08000 r--p 00000000 08:06 526257                     /usr/lib/locale/pt_BR.utf8/LC_ADDRESS
7f20c9c08000-7f20c9c09000 r--p 00000000 08:06 526268                     /usr/lib/locale/pt_BR.utf8/LC_TELEPHONE
7f20c9c09000-7f20c9c0a000 r--p 00000000 08:06 263603                     /usr/lib/locale/aa_DJ.utf8/LC_MEASUREMENT
7f20c9c0a000-7f20c9c11000 r--s 00000000 08:06 1436665                    /usr/lib/x86_64-linux-gnu/gconv/gconv-modules.cache
7f20c9c11000-7f20c9c12000 r--p 00000000 08:06 526260                     /usr/lib/locale/pt_BR.utf8/LC_IDENTIFICATION
7f20c9c12000-7f20c9c13000 rw-p 00000000 00:00 0 
7f20c9c13000-7f20c9c14000 r--p 00000000 00:00 0 
7f20c9c14000-7f20c9c16000 rw-p 00000000 00:00 0 
7f20c9c16000-7f20c9c17000 r--p 00023000 08:06 523842                     /lib/x86_64-linux-gnu/ld-2.23.so
7f20c9c17000-7f20c9c18000 rw-p 00024000 08:06 523842                     /lib/x86_64-linux-gnu/ld-2.23.so
7f20c9c18000-7f20c9c19000 rw-p 00000000 00:00 0 
7ffef7709000-7ffef772d000 rw-p 00000000 00:00 0                          [stack]
7ffef77f8000-7ffef77fb000 r--p 00000000 00:00 0                          [vvar]
7ffef77fb000-7ffef77fd000 r-xp 00000000 00:00 0                          [vdso]
ffffffffff600000-ffffffffff601000 r-xp 00000000 00:00 0                  [vsyscall]

VM Arguments:
jvm_args: -agentlib:jdwp=transport=dt_socket,suspend=y,address=localhost:42019 -ea -Dfile.encoding=UTF-8 
java_command: org.eclipse.jdt.internal.junit.runner.RemoteTestRunner -version 3 -port 44151 -testLoaderClass org.eclipse.jdt.internal.junit4.runner.JUnit4TestLoader -loaderpluginname org.eclipse.jdt.junit4.runtime -classNames com.senior.erp.service.CityServiceImplTest
java_class_path (initial): /home/repository/erp-challenge/bin:/root/.gradle/caches/modules-2/files-2.1/antlr/antlr/2.7.7/83cd2cd674a217ade95a4bb83a8a14f351f48bd0/antlr-2.7.7.jar:/root/.gradle/caches/modules-2/files-2.1/ch.qos.logback/logback-classic/1.1.11/ccedfbacef4a6515d2983e3f89ed753d5d4fb665/logback-classic-1.1.11.jar:/root/.gradle/caches/modules-2/files-2.1/ch.qos.logback/logback-core/1.1.11/88b8df40340eed549fb07e2613879bf6b006704d/logback-core-1.1.11.jar:/root/.gradle/caches/modules-2/files-2.1/com.fasterxml.jackson.core/jackson-annotations/2.8.0/45b426f7796b741035581a176744d91090e2e6fb/jackson-annotations-2.8.0.jar:/root/.gradle/caches/modules-2/files-2.1/com.fasterxml.jackson.core/jackson-core/2.8.7/8b46f39c78476fb848c81a49fa807a9e9506dddd/jackson-core-2.8.7.jar:/root/.gradle/caches/modules-2/files-2.1/com.fasterxml.jackson.core/jackson-databind/2.8.7/6c3257ef458ac58a8da69a6dca3d2a15286d88c8/jackson-databind-2.8.7.jar:/root/.gradle/caches/modules-2/files-2.1/com.fasterxml/classmate/1.3.3/864c8e370a691e343210cc7c532fc198cee460d8/classmate-1.3.3.jar:/root/.gradle/caches/modules-2/files-2.1/com.jayway.jsonpath/json-path/2.2.0/22290d17944bd239fabf5ac69005a60a7ecbbbcb/json-path-2.2.0.jar:/root/.gradle/caches/modules-2/files-2.1/com.vaadin.external.google/android-json/0.0.20131108.vaadin1/fa26d351fe62a6a17f5cda1287c1c6110dec413f/android-json-0.0.20131108.vaadin1.jar:/root/.gradle/caches/modules-2/files-2.1/dom4j/dom4j/1.6.1/5d3ccc056b6f056dbf0dddfdf43894b9065a8f94/dom4j-1.6.1.jar:/root/.gradle/caches/modules-2/files-2.1/javax.transaction/javax.transaction-api/1.2/d81aff979d603edd90dcd8db2abc1f4ce6479e3e/javax.transaction-api-1.2.jar:/root/.gradle/caches/modules-2/files-2.1/javax.validation/validation-api/1.1.0.Final/8613ae82954779d518631e05daa73a6a954817d5/validation-api-1.1.0.Final.jar:/root/.gradle/caches/modules-2/files-2.1/junit/junit/4.12/2973d150c0dc1fefe998f834810d68f278ea58ec/junit-4.12.jar:/root/.gradle/caches/modules-2/files-2.1/net.minidev/accessors-
Launcher Type: SUN_STANDARD

Environment Variables:
JAVA_HOME=/etc/jdk1.8.0_112
PATH=/usr/local/sbin:/usr/local/bin:/usr/sbin:/usr/bin:/sbin:/bin:/root/Downloads/hadoop/sbin:/root/Downloads/hadoop/bin:/bin:/bin:/bin
USERNAME=hendry
SHELL=/bin/bash
DISPLAY=:0

Signal Handlers:
SIGSEGV: [libjvm.so+0xa6a110], sa_mask[0]=11111111011111111101111111111110, sa_flags=SA_RESTART|SA_SIGINFO
SIGBUS: [libjvm.so+0xa6a110], sa_mask[0]=11111111011111111101111111111110, sa_flags=SA_RESTART|SA_SIGINFO
SIGFPE: [libjvm.so+0x8b4ec0], sa_mask[0]=11111111011111111101111111111110, sa_flags=SA_RESTART|SA_SIGINFO
SIGPIPE: [libjvm.so+0x8b4ec0], sa_mask[0]=11111111011111111101111111111110, sa_flags=SA_RESTART|SA_SIGINFO
SIGXFSZ: [libjvm.so+0x8b4ec0], sa_mask[0]=11111111011111111101111111111110, sa_flags=SA_RESTART|SA_SIGINFO
SIGILL: [libjvm.so+0x8b4ec0], sa_mask[0]=11111111011111111101111111111110, sa_flags=SA_RESTART|SA_SIGINFO
SIGUSR1: SIG_DFL, sa_mask[0]=00000000000000000000000000000000, sa_flags=none
SIGUSR2: [libjvm.so+0x8b4d70], sa_mask[0]=00100000000000000000000000000000, sa_flags=SA_RESTART|SA_SIGINFO
SIGHUP: [libjvm.so+0x8b5220], sa_mask[0]=11111111011111111101111111111110, sa_flags=SA_RESTART|SA_SIGINFO
SIGINT: [libjvm.so+0x8b5220], sa_mask[0]=11111111011111111101111111111110, sa_flags=SA_RESTART|SA_SIGINFO
SIGTERM: [libjvm.so+0x8b5220], sa_mask[0]=11111111011111111101111111111110, sa_flags=SA_RESTART|SA_SIGINFO
SIGQUIT: [libjvm.so+0x8b5220], sa_mask[0]=11111111011111111101111111111110, sa_flags=SA_RESTART|SA_SIGINFO


---------------  S Y S T E M  ---------------

OS:DISTRIB_ID=Kali
DISTRIB_RELEASE=kali-rolling
DISTRIB_CODENAME=kali-rolling
DISTRIB_DESCRIPTION="Kali GNU/Linux Rolling"

uname:Linux 4.6.0-kali1-amd64 #1 SMP Debian 4.6.4-1kali1 (2016-07-21) x86_64
libc:glibc 2.23 NPTL 2.23 
rlimit: STACK 8192k, CORE 0k, NPROC 23075, NOFILE 65536, AS infinity
load average:1,01 1,22 1,26

/proc/meminfo:
MemTotal:        5935164 kB
MemFree:          112660 kB
MemAvailable:     258640 kB
Buffers:           17936 kB
Cached:           794132 kB
SwapCached:       198404 kB
Active:          4494972 kB
Inactive:        1063372 kB
Active(anon):    4290856 kB
Inactive(anon):   937864 kB
Active(file):     204116 kB
Inactive(file):   125508 kB
Unevictable:         864 kB
Mlocked:             864 kB
SwapTotal:       6107132 kB
SwapFree:        2920112 kB
Dirty:               292 kB
Writeback:             0 kB
AnonPages:       4698608 kB
Mapped:           517684 kB
Shmem:            482032 kB
Slab:             112668 kB
SReclaimable:      55276 kB
SUnreclaim:        57392 kB
KernelStack:       14288 kB
PageTables:        76372 kB
NFS_Unstable:          0 kB
Bounce:                0 kB
WritebackTmp:          0 kB
CommitLimit:     9074712 kB
Committed_AS:   15159652 kB
VmallocTotal:   34359738367 kB
VmallocUsed:           0 kB
VmallocChunk:          0 kB
HardwareCorrupted:     0 kB
AnonHugePages:         0 kB
HugePages_Total:       0
HugePages_Free:        0
HugePages_Rsvd:        0
HugePages_Surp:        0
Hugepagesize:       2048 kB
DirectMap4k:      319676 kB
DirectMap2M:     5789696 kB


CPU:total 4 (2 cores per cpu, 2 threads per core) family 6 model 58 stepping 9, cmov, cx8, fxsr, mmx, sse, sse2, sse3, ssse3, sse4.1, sse4.2, popcnt, avx, clmul, erms, ht, tsc, tscinvbit, tscinv

/proc/cpuinfo:
processor	: 0
vendor_id	: GenuineIntel
cpu family	: 6
model		: 58
model name	: Intel(R) Core(TM) i3-3220 CPU @ 3.30GHz
stepping	: 9
microcode	: 0x1c
cpu MHz		: 3300.000
cache size	: 3072 KB
physical id	: 0
siblings	: 4
core id		: 0
cpu cores	: 2
apicid		: 0
initial apicid	: 0
fpu		: yes
fpu_exception	: yes
cpuid level	: 13
wp		: yes
flags		: fpu vme de pse tsc msr pae mce cx8 apic sep mtrr pge mca cmov pat pse36 clflush dts acpi mmx fxsr sse sse2 ss ht tm pbe syscall nx rdtscp lm constant_tsc arch_perfmon pebs bts rep_good nopl xtopology nonstop_tsc aperfmperf eagerfpu pni pclmulqdq dtes64 monitor ds_cpl vmx est tm2 ssse3 cx16 xtpr pdcm pcid sse4_1 sse4_2 popcnt tsc_deadline_timer xsave avx f16c lahf_lm epb tpr_shadow vnmi flexpriority ept vpid fsgsbase smep erms xsaveopt dtherm arat pln pts
bugs		:
bogomips	: 6584.66
clflush size	: 64
cache_alignment	: 64
address sizes	: 36 bits physical, 48 bits virtual
power management:

processor	: 1
vendor_id	: GenuineIntel
cpu family	: 6
model		: 58
model name	: Intel(R) Core(TM) i3-3220 CPU @ 3.30GHz
stepping	: 9
microcode	: 0x1c
cpu MHz		: 3299.742
cache size	: 3072 KB
physical id	: 0
siblings	: 4
core id		: 1
cpu cores	: 2
apicid		: 2
initial apicid	: 2
fpu		: yes
fpu_exception	: yes
cpuid level	: 13
wp		: yes
flags		: fpu vme de pse tsc msr pae mce cx8 apic sep mtrr pge mca cmov pat pse36 clflush dts acpi mmx fxsr sse sse2 ss ht tm pbe syscall nx rdtscp lm constant_tsc arch_perfmon pebs bts rep_good nopl xtopology nonstop_tsc aperfmperf eagerfpu pni pclmulqdq dtes64 monitor ds_cpl vmx est tm2 ssse3 cx16 xtpr pdcm pcid sse4_1 sse4_2 popcnt tsc_deadline_timer xsave avx f16c lahf_lm epb tpr_shadow vnmi flexpriority ept vpid fsgsbase smep erms xsaveopt dtherm arat pln pts
bugs		:
bogomips	: 6585.42
clflush size	: 64
cache_alignment	: 64
address sizes	: 36 bits physical, 48 bits virtual
power management:

processor	: 2
vendor_id	: GenuineIntel
cpu family	: 6
model		: 58
model name	: Intel(R) Core(TM) i3-3220 CPU @ 3.30GHz
stepping	: 9
microcode	: 0x1c
cpu MHz		: 3295.101
cache size	: 3072 KB
physical id	: 0
siblings	: 4
core id		: 0
cpu cores	: 2
apicid		: 1
initial apicid	: 1
fpu		: yes
fpu_exception	: yes
cpuid level	: 13
wp		: yes
flags		: fpu vme de pse tsc msr pae mce cx8 apic sep mtrr pge mca cmov pat pse36 clflush dts acpi mmx fxsr sse sse2 ss ht tm pbe syscall nx rdtscp lm constant_tsc arch_perfmon pebs bts rep_good nopl xtopology nonstop_tsc aperfmperf eagerfpu pni pclmulqdq dtes64 monitor ds_cpl vmx est tm2 ssse3 cx16 xtpr pdcm pcid sse4_1 sse4_2 popcnt tsc_deadline_timer xsave avx f16c lahf_lm epb tpr_shadow vnmi flexpriority ept vpid fsgsbase smep erms xsaveopt dtherm arat pln pts
bugs		:
bogomips	: 6585.98
clflush size	: 64
cache_alignment	: 64
address sizes	: 36 bits physical, 48 bits virtual
power management:

processor	: 3
vendor_id	: GenuineIntel
cpu family	: 6
model		: 58
model name	: Intel(R) Core(TM) i3-3220 CPU @ 3.30GHz
stepping	: 9
microcode	: 0x1c
cpu MHz		: 3299.613
cache size	: 3072 KB
physical id	: 0
siblings	: 4
core id		: 1
cpu cores	: 2
apicid		: 3
initial apicid	: 3
fpu		: yes
fpu_exception	: yes
cpuid level	: 13
wp		: yes
flags		: fpu vme de pse tsc msr pae mce cx8 apic sep mtrr pge mca cmov pat pse36 clflush dts acpi mmx fxsr sse sse2 ss ht tm pbe syscall nx rdtscp lm constant_tsc arch_perfmon pebs bts rep_good nopl xtopology nonstop_tsc aperfmperf eagerfpu pni pclmulqdq dtes64 monitor ds_cpl vmx est tm2 ssse3 cx16 xtpr pdcm pcid sse4_1 sse4_2 popcnt tsc_deadline_timer xsave avx f16c lahf_lm epb tpr_shadow vnmi flexpriority ept vpid fsgsbase smep erms xsaveopt dtherm arat pln pts
bugs		:
bogomips	: 6585.60
clflush size	: 64
cache_alignment	: 64
address sizes	: 36 bits physical, 48 bits virtual
power management:



Memory: 4k page, physical 5935164k(112660k free), swap 6107132k(2920112k free)

vm_info: OpenJDK 64-Bit Server VM (25.102-b14) for linux-amd64 JRE (1.8.0_102-8u102-b14.1-2-b14), built on Aug  6 2016 08:12:09 by "buildd" with gcc 6.1.1 20160724

time: Mon May  1 16:49:11 2017
elapsed time: 1448 seconds (0d 0h 24m 8s)

